<?xml version="1.0" encoding="UTF-8"?>
<!-- Generated by org.testng.reporters.JUnitXMLReporter -->
<testsuite hostname="FEC122-QE-IN-ThinkPad-L14-Gen-1" ignored="0" name="Chrome test" tests="4" failures="0" timestamp="10 Jul 2022 08:03:15 GMT" time="10.204" errors="0">
  <testcase name="verifyMidTransPillowAddedToCartWith20000" time="0.215" classname="TestCases.MTestCase"/>
  <testcase name="verifyClickOnBuyNowRedirectToCheckOutPage" time="0.156" classname="TestCases.MTestCase"/>
  <testcase name="verifyCheckOutDetails" time="0.316" classname="TestCases.MTestCase"/>
  <testcase name="verifyNameEmailPhoneCityAddressPostalCodeFieldsAreEditable" time="1.482" classname="TestCases.MTestCase"/>
</testsuite> <!-- Chrome test -->
